--- 
MODEL NAME: LPARPAtrunc
--- 
NODE DATA
--- 
NODE: 0
NAME: 0
X: 2.259372
Y: -1.771538
Z: 7.233222
--- 
NODE: 1
NAME: 1
X: 2.090460
Y: -0.918265
Z: 7.828651
--- 
NODE: 2
NAME: 2
X: 1.672966
Y: 0.061589
Z: 8.449270
--- 
NODE: 3
NAME: 3
X: 1.651636
Y: 1.078690
Z: 8.797445
--- 
NODE: 4
NAME: 4
X: 1.740101
Y: 1.729409
Z: 8.788614
--- 
NODE: 5
NAME: 5
X: 2.133900
Y: 2.742014
Z: 8.515748
--- 
NODE: 6
NAME: 6
X: 2.510837
Y: 3.259263
Z: 8.076387
--- 
NODE: 7
NAME: 7
X: 2.858121
Y: 3.544158
Z: 7.346569
--- 
NODE: 8
NAME: 8
X: 3.199925
Y: 3.674577
Z: 6.560021
--- 
NODE: 9
NAME: 9
X: 3.462962
Y: 3.791886
Z: 6.024236
--- 
NODE: 10
NAME: 10
X: 3.805425
Y: 3.775822
Z: 5.250703
--- 
NODE: 11
NAME: 11
X: 3.683570
Y: 4.268396
Z: 4.558459
--- 
NODE: 12
NAME: 12
X: 3.495558
Y: 4.718596
Z: 3.650657
--- 
NODE: 13
NAME: 13
X: 2.987071
Y: 4.999374
Z: 3.141400
--- 
NODE: 14
NAME: 14
X: 2.894647
Y: 5.319151
Z: 2.087036
--- 
NODE: 15
NAME: 15
X: 2.939265
Y: 5.528683
Z: 1.283714
--- 
NODE: 16
NAME: 16
X: 3.183679
Y: 5.886716
Z: 0.367163
--- 
NODE: 17
NAME: 17
X: 3.337863
Y: 6.352893
Z: -1.529397
--- 
NODE: 18
NAME: 18
X: -4.203562
Y: 6.326205
Z: -2.699501
--- 
NODE: 19
NAME: 19
X: -3.752036
Y: 5.820787
Z: -2.968959
--- 
NODE: 20
NAME: 20
X: -3.150558
Y: 5.440572
Z: -3.523344
--- 
NODE: 21
NAME: 21
X: -3.091335
Y: 5.327966
Z: -3.675502
--- 
NODE: 22
NAME: 22
X: 3.587068
Y: 3.905034
Z: 5.686588
--- 
NODE: 23
NAME: 23
X: 3.910257
Y: 3.519498
Z: 5.172113
--- 
NODE: 24
NAME: 24
X: 4.201826
Y: 3.220302
Z: 4.685278
--- 
NODE: 25
NAME: 25
X: 4.651575
Y: 3.300697
Z: 4.304748
--- 
NODE: 26
NAME: 26
X: 5.228982
Y: 3.274582
Z: 3.547246
--- 
NODE: 27
NAME: 27
X: 6.196711
Y: 3.068794
Z: 2.276929
--- 
NODE: 28
NAME: 28
X: 7.227444
Y: 2.223778
Z: 1.436520
--- 
NODE: 29
NAME: 29
X: 2.465513
Y: 3.208317
Z: 8.305265
--- 
NODE: 30
NAME: 30
X: 3.033784
Y: 3.992598
Z: 8.062977
--- 
NODE: 31
NAME: 31
X: 3.363718
Y: 4.374382
Z: 7.629425
--- 
NODE: 32
NAME: 32
X: 3.706073
Y: 4.641540
Z: 7.550733
--- 
NODE: 33
NAME: 33
X: 4.057409
Y: 4.877407
Z: 7.510260
--- 
NODE: 34
NAME: 34
X: 4.498522
Y: 5.248336
Z: 7.405958
--- 
NODE: 35
NAME: 35
X: 4.750582
Y: 5.543326
Z: 7.293716
--- 
NODE: 36
NAME: 36
X: 4.929162
Y: 5.838199
Z: 7.202995
--- 
NODE: 37
NAME: 37
X: 5.045573
Y: 6.187037
Z: 7.129011
--- 
NODE: 38
NAME: 38
X: -4.156544
Y: 3.470883
Z: 4.651559
--- 
NODE: 39
NAME: 39
X: -3.198918
Y: 3.871066
Z: 3.693690
--- 
NODE: 40
NAME: 40
X: -1.722487
Y: 3.015773
Z: 1.788924
--- 
NODE: 41
NAME: 41
X: -1.598495
Y: 2.929073
Z: 1.651224
--- 
NODE: 42
NAME: 42
X: -3.112841
Y: 1.743392
Z: 6.696325
--- 
NODE: 43
NAME: 43
X: -3.948134
Y: 1.309950
Z: 6.331467
--- 
NODE: 44
NAME: 44
X: -4.683023
Y: 0.771853
Z: 6.130478
--- 
NODE: 45
NAME: 45
X: -5.508317
Y: 0.268199
Z: 5.816068
--- 
NODE: 46
NAME: 46
X: -5.861686
Y: 0.136363
Z: 5.713310
--- 
NODE: 47
NAME: 47
X: -6.378215
Y: -0.074772
Z: 5.285502
--- 
NODE: 48
NAME: 48
X: -7.085442
Y: -0.440958
Z: 4.802854
--- 
NODE: 49
NAME: 49
X: -7.425602
Y: -0.521785
Z: 4.517889
--- 
NODE: 50
NAME: 50
X: -2.773497
Y: 1.246485
Z: 6.868277
--- 
NODE: 51
NAME: 51
X: -3.580771
Y: 0.737672
Z: 6.619009
--- 
NODE: 52
NAME: 52
X: -3.913982
Y: 0.437627
Z: 6.134597
--- 
NODE: 53
NAME: 53
X: -4.460690
Y: -0.673982
Z: 5.229870
--- 
NODE: 54
NAME: 54
X: -4.683493
Y: -1.458416
Z: 4.748600
--- 
NODE: 55
NAME: 55
X: -4.850788
Y: -2.862166
Z: 3.514151
--- 
NODE: 56
NAME: 56
X: -4.688857
Y: -3.589907
Z: 2.676803
--- 
NODE: 57
NAME: 57
X: -4.165919
Y: -4.133064
Z: 1.832686
--- 
NODE: 58
NAME: 58
X: -3.889502
Y: -4.243868
Z: 1.608395
--- 
NODE: 59
NAME: 59
X: 1.590060
Y: -0.166862
Z: 8.435291
--- 
NODE: 60
NAME: 60
X: 0.253460
Y: 0.937050
Z: 8.011424
--- 
NODE: 61
NAME: 61
X: -0.548073
Y: 1.114183
Z: 7.785637
--- 
NODE: 62
NAME: 62
X: -1.609275
Y: 1.223634
Z: 7.265541
--- 
NODE: 63
NAME: 63
X: -2.486225
Y: 1.373934
Z: 7.027691
--- 
NODE: 64
NAME: 64
X: -3.174381
Y: 1.523061
Z: 6.718354
--- 
NODE: 65
NAME: 65
X: -3.825258
Y: 2.035616
Z: 5.967141
--- 
NODE: 66
NAME: 66
X: -4.080723
Y: 2.912947
Z: 5.390200
--- 
NODE: 67
NAME: 67
X: -4.078158
Y: 3.526602
Z: 4.762598
--- 
NODE: 68
NAME: 68
X: -4.134148
Y: 3.845876
Z: 4.189350
--- 
NODE: 69
NAME: 69
X: -4.051758
Y: 4.159267
Z: 3.588489
--- 
NODE: 70
NAME: 70
X: -4.025180
Y: 4.413285
Z: 2.953731
--- 
NODE: 71
NAME: 71
X: -4.091962
Y: 4.718200
Z: 2.110514
--- 
NODE: 72
NAME: 72
X: -4.452810
Y: 4.957933
Z: 1.364425
--- 
NODE: 73
NAME: 73
X: -4.645340
Y: 5.078315
Z: 0.859174
--- 
NODE: 74
NAME: 74
X: -4.683758
Y: 5.172526
Z: -0.079507
--- 
NODE: 75
NAME: 75
X: -4.297576
Y: 5.376318
Z: -0.811785
--- 
NODE: 76
NAME: 76
X: -4.115800
Y: 5.650581
Z: -1.288480
--- 
NODE: 77
NAME: 77
X: -4.139287
Y: 6.062992
Z: -2.050667
--- 
NODE: 78
NAME: 78
X: -4.192639
Y: 6.351927
Z: -2.897648
--- 
NODE: 79
NAME: 79
X: -4.052837
Y: 6.338869
Z: -3.505330
--- 
NODE: 80
NAME: 80
X: 1.906816
Y: 1.921087
Z: 8.883144
--- 
NODE: 81
NAME: 81
X: 2.735034
Y: 2.442772
Z: 9.059004
--- 
NODE: 82
NAME: 82
X: 3.283584
Y: 2.088453
Z: 9.070533
--- 
NODE: 83
NAME: 83
X: 3.759448
Y: 2.182519
Z: 8.922750
--- 
NODE: 84
NAME: 84
X: 4.644108
Y: 2.608285
Z: 8.661715
--- 
NODE: 85
NAME: 85
X: 5.426157
Y: 3.178375
Z: 8.414269
--- 
NODE: 86
NAME: 86
X: 5.598125
Y: 3.326622
Z: 8.322250
--- 
NODE: 87
NAME: 87
X: 5.895386
Y: 3.499307
Z: 8.215949
--- 
NODE: 88
NAME: 88
X: -4.398540
Y: 4.830362
Z: 1.597261
--- 
NODE: 89
NAME: 89
X: -4.737382
Y: 5.382794
Z: 1.551492
--- 
NODE: 90
NAME: 90
X: -5.042039
Y: 6.030638
Z: 1.280685
--- 
NODE: 91
NAME: 91
X: -5.644381
Y: 6.890212
Z: 0.972157
--- 
NODE: 92
NAME: 92
X: -5.854205
Y: 7.087520
Z: 0.850594
--- 
JOINT DATA
--- 
JOINT: 0
NAME: J1
NODE: 1
X: 2.259372
Y: -1.771538
Z: 7.233222
INLET NAME: IN1
OUTLET NAME: OUT1
--- 
JOINT: 1
NAME: J2
NODE: 59
X: 2.090460
Y: -0.918265
Z: 7.828651
INLET NAME: IN2
OUTLET NAME: OUT2
--- 
JOINT: 2
NAME: J3
NODE: 60
X: 1.672966
Y: 0.061589
Z: 8.449270
INLET NAME: IN3
OUTLET NAME: OUT3
--- 
JOINT: 3
NAME: J4
NODE: 3
X: 1.651636
Y: 1.078690
Z: 8.797445
INLET NAME: IN4
OUTLET NAME: OUT4
--- 
JOINT: 4
NAME: J5
NODE: 4
X: 1.740101
Y: 1.729409
Z: 8.788614
INLET NAME: IN5
OUTLET NAME: OUT5
--- 
JOINT: 5
NAME: J6
NODE: 80
X: 2.133900
Y: 2.742014
Z: 8.515748
INLET NAME: IN6
OUTLET NAME: OUT6
--- 
JOINT: 6
NAME: J7
NODE: 81
X: 2.510837
Y: 3.259263
Z: 8.076387
INLET NAME: IN7
OUTLET NAME: OUT7
--- 
JOINT: 7
NAME: J8
NODE: 29
X: 2.858121
Y: 3.544158
Z: 7.346569
INLET NAME: IN8
OUTLET NAME: OUT8
--- 
JOINT: 8
NAME: J11
NODE: 30
X: 3.199925
Y: 3.674577
Z: 6.560021
INLET NAME: IN11
OUTLET NAME: OUT11
--- 
JOINT: 9
NAME: J14
NODE: 163
X: 3.462962
Y: 3.791886
Z: 6.024236
INLET NAME: IN14
OUTLET NAME: OUT14
--- 
JOINT: 10
NAME: J16
NODE: 8
X: 3.805425
Y: 3.775822
Z: 5.250703
INLET NAME: IN16
OUTLET NAME: OUT16
--- 
JOINT: 11
NAME: J17
NODE: 9
X: 3.683570
Y: 4.268396
Z: 4.558459
INLET NAME: IN17
OUTLET NAME: OUT17
--- 
JOINT: 12
NAME: J18
NODE: 22
X: 3.495558
Y: 4.718596
Z: 3.650657
INLET NAME: IN18
OUTLET NAME: OUT18
--- 
JOINT: 13
NAME: J19
NODE: 23
X: 2.987071
Y: 4.999374
Z: 3.141400
INLET NAME: IN19
OUTLET NAME: OUT19
--- 
JOINT: 14
NAME: J20
NODE: 11
X: 2.894647
Y: 5.319151
Z: 2.087036
INLET NAME: IN20
OUTLET NAME: OUT20
--- 
JOINT: 15
NAME: J21
NODE: 204
X: 2.939265
Y: 5.528683
Z: 1.283714
INLET NAME: IN21
OUTLET NAME: OUT21
--- 
JOINT: 16
NAME: J23
NODE: 143
X: 3.183679
Y: 5.886716
Z: 0.367163
INLET NAME: IN23
OUTLET NAME: OUT23
--- 
JOINT: 17
NAME: J25
NODE: 198
X: 3.337863
Y: 6.352893
Z: -1.529397
INLET NAME: IN25
OUTLET NAME: OUT25
--- 
JOINT: 18
NAME: J27
NODE: 110
X: -4.203562
Y: 6.326205
Z: -2.699501
INLET NAME: IN27
OUTLET NAME: OUT27
--- 
JOINT: 19
NAME: J29
NODE: 16
X: -3.752036
Y: 5.820787
Z: -2.968959
INLET NAME: IN29
OUTLET NAME: OUT29
--- 
JOINT: 20
NAME: J32
NODE: 19
X: -3.150558
Y: 5.440572
Z: -3.523344
INLET NAME: IN32
OUTLET NAME: OUT32
--- 
JOINT: 21
NAME: J33
NODE: 20
X: -3.091335
Y: 5.327966
Z: -3.675502
INLET NAME: IN33
OUTLET NAME: OUT33
--- 
JOINT: 22
NAME: J35
NODE: 24
X: 3.587068
Y: 3.905034
Z: 5.686588
INLET NAME: IN35
OUTLET NAME: OUT35
--- 
JOINT: 23
NAME: J36
NODE: 25
X: 3.910257
Y: 3.519498
Z: 5.172113
INLET NAME: IN36
OUTLET NAME: OUT36
--- 
JOINT: 24
NAME: J37
NODE: 26
X: 4.201826
Y: 3.220302
Z: 4.685278
INLET NAME: IN37
OUTLET NAME: OUT37
--- 
JOINT: 25
NAME: J38
NODE: 27
X: 4.651575
Y: 3.300697
Z: 4.304748
INLET NAME: IN38
OUTLET NAME: OUT38
--- 
JOINT: 26
NAME: J40
NODE: 31
X: 5.228982
Y: 3.274582
Z: 3.547246
INLET NAME: IN40
OUTLET NAME: OUT40
--- 
JOINT: 27
NAME: J41
NODE: 32
X: 6.196711
Y: 3.068794
Z: 2.276929
INLET NAME: IN41
OUTLET NAME: OUT41
--- 
JOINT: 28
NAME: J42
NODE: 33
X: 7.227444
Y: 2.223778
Z: 1.436520
INLET NAME: IN42
OUTLET NAME: OUT42
--- 
JOINT: 29
NAME: J43
NODE: 34
X: 2.465513
Y: 3.208317
Z: 8.305265
INLET NAME: IN43
OUTLET NAME: OUT43
--- 
JOINT: 30
NAME: J44
NODE: 35
X: 3.033784
Y: 3.992598
Z: 8.062977
INLET NAME: IN44
OUTLET NAME: OUT44
--- 
JOINT: 31
NAME: J45
NODE: 36
X: 3.363718
Y: 4.374382
Z: 7.629425
INLET NAME: IN45
OUTLET NAME: OUT45
--- 
JOINT: 32
NAME: J47
NODE: 204
X: 3.706073
Y: 4.641540
Z: 7.550733
INLET NAME: IN47
OUTLET NAME: OUT47
--- 
JOINT: 33
NAME: J49
NODE: 39
X: 4.057409
Y: 4.877407
Z: 7.510260
INLET NAME: IN49
OUTLET NAME: OUT49
--- 
JOINT: 34
NAME: J50
NODE: 40
X: 4.498522
Y: 5.248336
Z: 7.405958
INLET NAME: IN50
OUTLET NAME: OUT50
--- 
JOINT: 35
NAME: J52
NODE: 204
X: 4.750582
Y: 5.543326
Z: 7.293716
INLET NAME: IN52
OUTLET NAME: OUT52
--- 
JOINT: 36
NAME: J54
NODE: 43
X: 4.929162
Y: 5.838199
Z: 7.202995
INLET NAME: IN54
OUTLET NAME: OUT54
--- 
JOINT: 37
NAME: J55
NODE: 44
X: 5.045573
Y: 6.187037
Z: 7.129011
INLET NAME: IN55
OUTLET NAME: OUT55
--- 
JOINT: 38
NAME: J56
NODE: 45
X: -4.156544
Y: 3.470883
Z: 4.651559
INLET NAME: IN56
OUTLET NAME: OUT56
--- 
JOINT: 39
NAME: J57
NODE: 46
X: -3.198918
Y: 3.871066
Z: 3.693690
INLET NAME: IN57
OUTLET NAME: OUT57
--- 
JOINT: 40
NAME: J58
NODE: 47
X: -1.722487
Y: 3.015773
Z: 1.788924
INLET NAME: IN58
OUTLET NAME: OUT58
--- 
JOINT: 41
NAME: J59
NODE: 48
X: -1.598495
Y: 2.929073
Z: 1.651224
INLET NAME: IN59
OUTLET NAME: OUT59
--- 
JOINT: 42
NAME: J62
NODE: 51
X: -3.112841
Y: 1.743392
Z: 6.696325
INLET NAME: IN62
OUTLET NAME: OUT62
--- 
JOINT: 43
NAME: J63
NODE: 52
X: -3.948134
Y: 1.309950
Z: 6.331467
INLET NAME: IN63
OUTLET NAME: OUT63
--- 
JOINT: 44
NAME: J64
NODE: 53
X: -4.683023
Y: 0.771853
Z: 6.130478
INLET NAME: IN64
OUTLET NAME: OUT64
--- 
JOINT: 45
NAME: J65
NODE: 54
X: -5.508317
Y: 0.268199
Z: 5.816068
INLET NAME: IN65
OUTLET NAME: OUT65
--- 
JOINT: 46
NAME: J66
NODE: 55
X: -5.861686
Y: 0.136363
Z: 5.713310
INLET NAME: IN66
OUTLET NAME: OUT66
--- 
JOINT: 47
NAME: J67
NODE: 56
X: -6.378215
Y: -0.074772
Z: 5.285502
INLET NAME: IN67
OUTLET NAME: OUT67
--- 
JOINT: 48
NAME: J68
NODE: 57
X: -7.085442
Y: -0.440958
Z: 4.802854
INLET NAME: IN68
OUTLET NAME: OUT68
--- 
JOINT: 49
NAME: J70
NODE: 204
X: -7.425602
Y: -0.521785
Z: 4.517889
INLET NAME: IN70
OUTLET NAME: OUT70
--- 
JOINT: 50
NAME: J72
NODE: 62
X: -2.773497
Y: 1.246485
Z: 6.868277
INLET NAME: IN72
OUTLET NAME: OUT72
--- 
JOINT: 51
NAME: J73
NODE: 63
X: -3.580771
Y: 0.737672
Z: 6.619009
INLET NAME: IN73
OUTLET NAME: OUT73
--- 
JOINT: 52
NAME: J74
NODE: 115
X: -3.913982
Y: 0.437627
Z: 6.134597
INLET NAME: IN74
OUTLET NAME: OUT74
--- 
JOINT: 53
NAME: J76
NODE: 153
X: -4.460690
Y: -0.673982
Z: 5.229870
INLET NAME: IN76
OUTLET NAME: OUT76
--- 
JOINT: 54
NAME: J78
NODE: 68
X: -4.683493
Y: -1.458416
Z: 4.748600
INLET NAME: IN78
OUTLET NAME: OUT78
--- 
JOINT: 55
NAME: J79
NODE: 69
X: -4.850788
Y: -2.862166
Z: 3.514151
INLET NAME: IN79
OUTLET NAME: OUT79
--- 
JOINT: 56
NAME: J80
NODE: 204
X: -4.688857
Y: -3.589907
Z: 2.676803
INLET NAME: IN80
OUTLET NAME: OUT80
--- 
JOINT: 57
NAME: J83
NODE: 71
X: -4.165919
Y: -4.133064
Z: 1.832686
INLET NAME: IN83
OUTLET NAME: OUT83
--- 
JOINT: 58
NAME: J84
NODE: 88
X: -3.889502
Y: -4.243868
Z: 1.608395
INLET NAME: IN84
OUTLET NAME: OUT84
--- 
JOINT: 59
NAME: J85
NODE: 89
X: 1.590060
Y: -0.166862
Z: 8.435291
INLET NAME: IN85
OUTLET NAME: OUT85
--- 
JOINT: 60
NAME: J86
NODE: 73
X: 0.253460
Y: 0.937050
Z: 8.011424
INLET NAME: IN86
OUTLET NAME: OUT86
--- 
JOINT: 61
NAME: J87
NODE: 93
X: -0.548073
Y: 1.114183
Z: 7.785637
INLET NAME: IN87
OUTLET NAME: OUT87
--- 
JOINT: 62
NAME: J90
NODE: 159
X: -1.609275
Y: 1.223634
Z: 7.265541
INLET NAME: IN90
OUTLET NAME: OUT90
--- 
JOINT: 63
NAME: J92
NODE: 76
X: -2.486225
Y: 1.373934
Z: 7.027691
INLET NAME: IN92
OUTLET NAME: OUT92
--- 
JOINT: 64
NAME: J93
NODE: 77
X: -3.174381
Y: 1.523061
Z: 6.718354
INLET NAME: IN93
OUTLET NAME: OUT93
--- 
JOINT: 65
NAME: J94
NODE: 18
X: -3.825258
Y: 2.035616
Z: 5.967141
INLET NAME: IN94
OUTLET NAME: OUT94
--- 
JOINT: 66
NAME: J96
NODE: 82
X: -4.080723
Y: 2.912947
Z: 5.390200
INLET NAME: IN96
OUTLET NAME: OUT96
--- 
JOINT: 67
NAME: J97
NODE: 83
X: -4.078158
Y: 3.526602
Z: 4.762598
INLET NAME: IN97
OUTLET NAME: OUT97
--- 
JOINT: 68
NAME: J98
NODE: 84
X: -4.134148
Y: 3.845876
Z: 4.189350
INLET NAME: IN98
OUTLET NAME: OUT98
--- 
JOINT: 69
NAME: J99
NODE: 85
X: -4.051758
Y: 4.159267
Z: 3.588489
INLET NAME: IN99
OUTLET NAME: OUT99
--- 
JOINT: 70
NAME: J100
NODE: 86
X: -4.025180
Y: 4.413285
Z: 2.953731
INLET NAME: IN100
OUTLET NAME: OUT100
--- 
JOINT: 71
NAME: J102
NODE: 90
X: -4.091962
Y: 4.718200
Z: 2.110514
INLET NAME: IN102
OUTLET NAME: OUT102
--- 
JOINT: 72
NAME: J103
NODE: 91
X: -4.452810
Y: 4.957933
Z: 1.364425
INLET NAME: IN103
OUTLET NAME: OUT103
--- 
SEGMENT DATA
--- 
SEGMENT N.: 0
NAME: LPA_0
ID: 0
LENGTH: 1.054107
NUM ELEMENTS: 10
IN NODE: 0
OUT NODE: 1
IN AREA: 7.863720
OUT AREA: 7.261240
IN FLOW: 0.000000
MAT DATATABLE NAME: MAT1
LOSS TYPE: NONE
BRANCH ANGLE: 0.000000
UPSTREAM SEGMENT: 0
BRANCH SEGMENT: 0
BOUNDARY CONDITIONS TYPE: NOBOUND
INLET DATA TABLE: NONE
--- 
SEGMENT N.: 1
NAME: LPA_1
ID: 1
LENGTH: 1.232714
NUM ELEMENTS: 10
IN NODE: 1
OUT NODE: 2
IN AREA: 7.261240
OUT AREA: 6.559725
IN FLOW: 0.000000
MAT DATATABLE NAME: MAT1
LOSS TYPE: NONE
BRANCH ANGLE: 0.000000
UPSTREAM SEGMENT: 0
BRANCH SEGMENT: 0
BOUNDARY CONDITIONS TYPE: NOBOUND
INLET DATA TABLE: NONE
--- 
SEGMENT N.: 2
NAME: LPA_2
ID: 2
LENGTH: 1.075256
NUM ELEMENTS: 10
IN NODE: 2
OUT NODE: 3
IN AREA: 6.559725
OUT AREA: 3.075841
IN FLOW: 0.000000
MAT DATATABLE NAME: MAT1
LOSS TYPE: NONE
BRANCH ANGLE: 0.000000
UPSTREAM SEGMENT: 0
BRANCH SEGMENT: 0
BOUNDARY CONDITIONS TYPE: NOBOUND
INLET DATA TABLE: NONE
--- 
SEGMENT N.: 3
NAME: LPA_3
ID: 3
LENGTH: 0.656764
NUM ELEMENTS: 10
IN NODE: 3
OUT NODE: 4
IN AREA: 3.075841
OUT AREA: 1.615479
IN FLOW: 0.000000
MAT DATATABLE NAME: MAT1
LOSS TYPE: NONE
BRANCH ANGLE: 0.000000
UPSTREAM SEGMENT: 0
BRANCH SEGMENT: 0
BOUNDARY CONDITIONS TYPE: NOBOUND
INLET DATA TABLE: NONE
--- 
SEGMENT N.: 4
NAME: LPA_4
ID: 4
LENGTH: 1.120225
NUM ELEMENTS: 10
IN NODE: 4
OUT NODE: 5
IN AREA: 1.615479
OUT AREA: 0.937150
IN FLOW: 0.000000
MAT DATATABLE NAME: MAT1
LOSS TYPE: NONE
BRANCH ANGLE: 0.000000
UPSTREAM SEGMENT: 0
BRANCH SEGMENT: 0
BOUNDARY CONDITIONS TYPE: NOBOUND
INLET DATA TABLE: NONE
--- 
SEGMENT N.: 5
NAME: LPA_5
ID: 5
LENGTH: 0.776316
NUM ELEMENTS: 10
IN NODE: 5
OUT NODE: 6
IN AREA: 0.937150
OUT AREA: 0.810310
IN FLOW: 0.000000
MAT DATATABLE NAME: MAT1
LOSS TYPE: NONE
BRANCH ANGLE: 0.000000
UPSTREAM SEGMENT: 0
BRANCH SEGMENT: 0
BOUNDARY CONDITIONS TYPE: NOBOUND
INLET DATA TABLE: NONE
--- 
SEGMENT N.: 6
NAME: LPA_6
ID: 6
LENGTH: 0.856975
NUM ELEMENTS: 10
IN NODE: 6
OUT NODE: 7
IN AREA: 0.810310
OUT AREA: 0.486448
IN FLOW: 0.000000
MAT DATATABLE NAME: MAT1
LOSS TYPE: NONE
BRANCH ANGLE: 0.000000
UPSTREAM SEGMENT: 0
BRANCH SEGMENT: 0
BOUNDARY CONDITIONS TYPE: NOBOUND
INLET DATA TABLE: NONE
--- 
SEGMENT N.: 7
NAME: LPA_7
ID: 7
LENGTH: 0.867466
NUM ELEMENTS: 10
IN NODE: 7
OUT NODE: 8
IN AREA: 0.486448
OUT AREA: 0.586562
IN FLOW: 0.000000
MAT DATATABLE NAME: MAT1
LOSS TYPE: NONE
BRANCH ANGLE: 0.000000
UPSTREAM SEGMENT: 0
BRANCH SEGMENT: 0
BOUNDARY CONDITIONS TYPE: NOBOUND
INLET DATA TABLE: NONE
--- 
SEGMENT N.: 8
NAME: LPA_8
ID: 8
LENGTH: 0.608289
NUM ELEMENTS: 10
IN NODE: 8
OUT NODE: 9
IN AREA: 0.586562
OUT AREA: 0.513363
IN FLOW: 0.000000
MAT DATATABLE NAME: MAT1
LOSS TYPE: NONE
BRANCH ANGLE: 0.000000
UPSTREAM SEGMENT: 0
BRANCH SEGMENT: 0
BOUNDARY CONDITIONS TYPE: NOBOUND
INLET DATA TABLE: NONE
--- 
SEGMENT N.: 9
NAME: LPA_9
ID: 9
LENGTH: 0.846104
NUM ELEMENTS: 10
IN NODE: 9
OUT NODE: 10
IN AREA: 0.513363
OUT AREA: 0.487885
IN FLOW: 0.000000
MAT DATATABLE NAME: MAT1
LOSS TYPE: NONE
BRANCH ANGLE: 0.000000
UPSTREAM SEGMENT: 0
BRANCH SEGMENT: 0
BOUNDARY CONDITIONS TYPE: NOBOUND
INLET DATA TABLE: NONE
--- 
SEGMENT N.: 10
NAME: LPA_10
ID: 10
LENGTH: 0.858300
NUM ELEMENTS: 10
IN NODE: 10
OUT NODE: 11
IN AREA: 0.487885
OUT AREA: 0.271911
IN FLOW: 0.000000
MAT DATATABLE NAME: MAT1
LOSS TYPE: NONE
BRANCH ANGLE: 0.000000
UPSTREAM SEGMENT: 0
BRANCH SEGMENT: 0
BOUNDARY CONDITIONS TYPE: NOBOUND
INLET DATA TABLE: NONE
--- 
SEGMENT N.: 11
NAME: LPA_11
ID: 11
LENGTH: 1.030599
NUM ELEMENTS: 10
IN NODE: 11
OUT NODE: 12
IN AREA: 0.271911
OUT AREA: 0.326945
IN FLOW: 0.000000
MAT DATATABLE NAME: MAT1
LOSS TYPE: NONE
BRANCH ANGLE: 0.000000
UPSTREAM SEGMENT: 0
BRANCH SEGMENT: 0
BOUNDARY CONDITIONS TYPE: NOBOUND
INLET DATA TABLE: NONE
--- 
SEGMENT N.: 12
NAME: LPA_12
ID: 12
LENGTH: 0.772489
NUM ELEMENTS: 10
IN NODE: 12
OUT NODE: 13
IN AREA: 0.326945
OUT AREA: 0.169478
IN FLOW: 0.000000
MAT DATATABLE NAME: MAT1
LOSS TYPE: NONE
BRANCH ANGLE: 0.000000
UPSTREAM SEGMENT: 0
BRANCH SEGMENT: 0
BOUNDARY CONDITIONS TYPE: NOBOUND
INLET DATA TABLE: NONE
--- 
SEGMENT N.: 13
NAME: LPA_13
ID: 13
LENGTH: 1.105659
NUM ELEMENTS: 10
IN NODE: 13
OUT NODE: 14
IN AREA: 0.169478
OUT AREA: 0.164838
IN FLOW: 0.000000
MAT DATATABLE NAME: MAT1
LOSS TYPE: NONE
BRANCH ANGLE: 0.000000
UPSTREAM SEGMENT: 0
BRANCH SEGMENT: 0
BOUNDARY CONDITIONS TYPE: NOBOUND
INLET DATA TABLE: NONE
--- 
SEGMENT N.: 14
NAME: LPA_14
ID: 14
LENGTH: 0.831397
NUM ELEMENTS: 10
IN NODE: 14
OUT NODE: 15
IN AREA: 0.164838
OUT AREA: 0.145376
IN FLOW: 0.000000
MAT DATATABLE NAME: MAT1
LOSS TYPE: NONE
BRANCH ANGLE: 0.000000
UPSTREAM SEGMENT: 0
BRANCH SEGMENT: 0
BOUNDARY CONDITIONS TYPE: NOBOUND
INLET DATA TABLE: NONE
--- 
SEGMENT N.: 15
NAME: LPA_15
ID: 15
LENGTH: 1.013899
NUM ELEMENTS: 10
IN NODE: 15
OUT NODE: 16
IN AREA: 0.145376
OUT AREA: 0.139596
IN FLOW: 0.000000
MAT DATATABLE NAME: MAT1
LOSS TYPE: NONE
BRANCH ANGLE: 0.000000
UPSTREAM SEGMENT: 0
BRANCH SEGMENT: 0
BOUNDARY CONDITIONS TYPE: NOBOUND
INLET DATA TABLE: NONE
--- 
SEGMENT N.: 16
NAME: LPA_16
ID: 16
LENGTH: 1.959090
NUM ELEMENTS: 10
IN NODE: 16
OUT NODE: 17
IN AREA: 0.139596
OUT AREA: 0.224551
IN FLOW: 0.000000
MAT DATATABLE NAME: MAT1
LOSS TYPE: NONE
BRANCH ANGLE: 0.000000
UPSTREAM SEGMENT: 0
BRANCH SEGMENT: 0
BOUNDARY CONDITIONS TYPE: RESISTANCE
INLET DATA TABLE: R_LPA
--- 
SEGMENT N.: 17
NAME: RPA15_0
ID: 17
LENGTH: 0.729336
NUM ELEMENTS: 10
IN NODE: 18
OUT NODE: 19
IN AREA: 0.019680
OUT AREA: 0.042335
IN FLOW: 0.000000
MAT DATATABLE NAME: MAT1
LOSS TYPE: NONE
BRANCH ANGLE: 0.000000
UPSTREAM SEGMENT: 0
BRANCH SEGMENT: 0
BOUNDARY CONDITIONS TYPE: NOBOUND
INLET DATA TABLE: NONE
--- 
SEGMENT N.: 18
NAME: RPA15_1
ID: 18
LENGTH: 0.902043
NUM ELEMENTS: 10
IN NODE: 19
OUT NODE: 20
IN AREA: 0.042335
OUT AREA: 0.020134
IN FLOW: 0.000000
MAT DATATABLE NAME: MAT1
LOSS TYPE: NONE
BRANCH ANGLE: 0.000000
UPSTREAM SEGMENT: 0
BRANCH SEGMENT: 0
BOUNDARY CONDITIONS TYPE: NOBOUND
INLET DATA TABLE: NONE
--- 
SEGMENT N.: 19
NAME: RPA15_2
ID: 19
LENGTH: 0.198343
NUM ELEMENTS: 10
IN NODE: 20
OUT NODE: 21
IN AREA: 0.020134
OUT AREA: 0.014156
IN FLOW: 0.000000
MAT DATATABLE NAME: MAT1
LOSS TYPE: NONE
BRANCH ANGLE: 0.000000
UPSTREAM SEGMENT: 0
BRANCH SEGMENT: 0
BOUNDARY CONDITIONS TYPE: RESISTANCE
INLET DATA TABLE: R_RPA15
--- 
SEGMENT N.: 20
NAME: LPA3_0
ID: 20
LENGTH: 0.719565
NUM ELEMENTS: 10
IN NODE: 22
OUT NODE: 23
IN AREA: 0.106251
OUT AREA: 0.106251
IN FLOW: 0.000000
MAT DATATABLE NAME: MAT1
LOSS TYPE: NONE
BRANCH ANGLE: 0.000000
UPSTREAM SEGMENT: 0
BRANCH SEGMENT: 0
BOUNDARY CONDITIONS TYPE: NOBOUND
INLET DATA TABLE: NONE
--- 
SEGMENT N.: 21
NAME: LPA3_1
ID: 21
LENGTH: 0.641513
NUM ELEMENTS: 10
IN NODE: 23
OUT NODE: 24
IN AREA: 0.106251
OUT AREA: 0.106329
IN FLOW: 0.000000
MAT DATATABLE NAME: MAT1
LOSS TYPE: NONE
BRANCH ANGLE: 0.000000
UPSTREAM SEGMENT: 0
BRANCH SEGMENT: 0
BOUNDARY CONDITIONS TYPE: NOBOUND
INLET DATA TABLE: NONE
--- 
SEGMENT N.: 22
NAME: LPA3_2
ID: 22
LENGTH: 0.594592
NUM ELEMENTS: 10
IN NODE: 24
OUT NODE: 25
IN AREA: 0.106329
OUT AREA: 0.081360
IN FLOW: 0.000000
MAT DATATABLE NAME: MAT1
LOSS TYPE: NONE
BRANCH ANGLE: 0.000000
UPSTREAM SEGMENT: 0
BRANCH SEGMENT: 0
BOUNDARY CONDITIONS TYPE: NOBOUND
INLET DATA TABLE: NONE
--- 
SEGMENT N.: 23
NAME: LPA3_3
ID: 23
LENGTH: 0.952833
NUM ELEMENTS: 10
IN NODE: 25
OUT NODE: 26
IN AREA: 0.081360
OUT AREA: 0.075591
IN FLOW: 0.000000
MAT DATATABLE NAME: MAT1
LOSS TYPE: NONE
BRANCH ANGLE: 0.000000
UPSTREAM SEGMENT: 0
BRANCH SEGMENT: 0
BOUNDARY CONDITIONS TYPE: NOBOUND
INLET DATA TABLE: NONE
--- 
SEGMENT N.: 24
NAME: LPA3_4
ID: 24
LENGTH: 1.610140
NUM ELEMENTS: 10
IN NODE: 26
OUT NODE: 27
IN AREA: 0.075591
OUT AREA: 0.083638
IN FLOW: 0.000000
MAT DATATABLE NAME: MAT1
LOSS TYPE: NONE
BRANCH ANGLE: 0.000000
UPSTREAM SEGMENT: 0
BRANCH SEGMENT: 0
BOUNDARY CONDITIONS TYPE: NOBOUND
INLET DATA TABLE: NONE
--- 
SEGMENT N.: 25
NAME: LPA3_5
ID: 25
LENGTH: 1.575674
NUM ELEMENTS: 10
IN NODE: 27
OUT NODE: 28
IN AREA: 0.083638
OUT AREA: 0.047359
IN FLOW: 0.000000
MAT DATATABLE NAME: MAT1
LOSS TYPE: NONE
BRANCH ANGLE: 0.000000
UPSTREAM SEGMENT: 0
BRANCH SEGMENT: 0
BOUNDARY CONDITIONS TYPE: RESISTANCE
INLET DATA TABLE: R_LPA3
--- 
SEGMENT N.: 26
NAME: LPA9_0
ID: 26
LENGTH: 0.998364
NUM ELEMENTS: 10
IN NODE: 29
OUT NODE: 30
IN AREA: 0.115442
OUT AREA: 0.115442
IN FLOW: 0.000000
MAT DATATABLE NAME: MAT1
LOSS TYPE: NONE
BRANCH ANGLE: 0.000000
UPSTREAM SEGMENT: 0
BRANCH SEGMENT: 0
BOUNDARY CONDITIONS TYPE: NOBOUND
INLET DATA TABLE: NONE
--- 
SEGMENT N.: 27
NAME: LPA9_1
ID: 27
LENGTH: 0.665269
NUM ELEMENTS: 10
IN NODE: 30
OUT NODE: 31
IN AREA: 0.115442
OUT AREA: 0.097521
IN FLOW: 0.000000
MAT DATATABLE NAME: MAT1
LOSS TYPE: NONE
BRANCH ANGLE: 0.000000
UPSTREAM SEGMENT: 0
BRANCH SEGMENT: 0
BOUNDARY CONDITIONS TYPE: NOBOUND
INLET DATA TABLE: NONE
--- 
SEGMENT N.: 28
NAME: LPA9_2
ID: 28
LENGTH: 0.441331
NUM ELEMENTS: 10
IN NODE: 31
OUT NODE: 32
IN AREA: 0.097521
OUT AREA: 0.076716
IN FLOW: 0.000000
MAT DATATABLE NAME: MAT1
LOSS TYPE: NONE
BRANCH ANGLE: 0.000000
UPSTREAM SEGMENT: 0
BRANCH SEGMENT: 0
BOUNDARY CONDITIONS TYPE: NOBOUND
INLET DATA TABLE: NONE
--- 
SEGMENT N.: 29
NAME: LPA9_3
ID: 29
LENGTH: 0.425098
NUM ELEMENTS: 10
IN NODE: 32
OUT NODE: 33
IN AREA: 0.076716
OUT AREA: 0.064481
IN FLOW: 0.000000
MAT DATATABLE NAME: MAT1
LOSS TYPE: NONE
BRANCH ANGLE: 0.000000
UPSTREAM SEGMENT: 0
BRANCH SEGMENT: 0
BOUNDARY CONDITIONS TYPE: NOBOUND
INLET DATA TABLE: NONE
--- 
SEGMENT N.: 30
NAME: LPA9_4
ID: 30
LENGTH: 0.585702
NUM ELEMENTS: 10
IN NODE: 33
OUT NODE: 34
IN AREA: 0.064481
OUT AREA: 0.051976
IN FLOW: 0.000000
MAT DATATABLE NAME: MAT1
LOSS TYPE: NONE
BRANCH ANGLE: 0.000000
UPSTREAM SEGMENT: 0
BRANCH SEGMENT: 0
BOUNDARY CONDITIONS TYPE: NOBOUND
INLET DATA TABLE: NONE
--- 
SEGMENT N.: 31
NAME: LPA9_5
ID: 31
LENGTH: 0.403921
NUM ELEMENTS: 10
IN NODE: 34
OUT NODE: 35
IN AREA: 0.051976
OUT AREA: 0.040041
IN FLOW: 0.000000
MAT DATATABLE NAME: MAT1
LOSS TYPE: NONE
BRANCH ANGLE: 0.000000
UPSTREAM SEGMENT: 0
BRANCH SEGMENT: 0
BOUNDARY CONDITIONS TYPE: NOBOUND
INLET DATA TABLE: NONE
--- 
SEGMENT N.: 32
NAME: LPA9_6
ID: 32
LENGTH: 0.356471
NUM ELEMENTS: 10
IN NODE: 35
OUT NODE: 36
IN AREA: 0.040041
OUT AREA: 0.033551
IN FLOW: 0.000000
MAT DATATABLE NAME: MAT1
LOSS TYPE: NONE
BRANCH ANGLE: 0.000000
UPSTREAM SEGMENT: 0
BRANCH SEGMENT: 0
BOUNDARY CONDITIONS TYPE: NOBOUND
INLET DATA TABLE: NONE
--- 
SEGMENT N.: 33
NAME: LPA9_7
ID: 33
LENGTH: 0.375117
NUM ELEMENTS: 10
IN NODE: 36
OUT NODE: 37
IN AREA: 0.033551
OUT AREA: 0.029062
IN FLOW: 0.000000
MAT DATATABLE NAME: MAT1
LOSS TYPE: NONE
BRANCH ANGLE: 0.000000
UPSTREAM SEGMENT: 0
BRANCH SEGMENT: 0
BOUNDARY CONDITIONS TYPE: RESISTANCE
INLET DATA TABLE: R_LPA9
--- 
SEGMENT N.: 34
NAME: RPA8_0
ID: 34
LENGTH: 1.412341
NUM ELEMENTS: 10
IN NODE: 38
OUT NODE: 39
IN AREA: 0.034090
OUT AREA: 0.047095
IN FLOW: 0.000000
MAT DATATABLE NAME: MAT1
LOSS TYPE: NONE
BRANCH ANGLE: 0.000000
UPSTREAM SEGMENT: 0
BRANCH SEGMENT: 0
BOUNDARY CONDITIONS TYPE: NOBOUND
INLET DATA TABLE: NONE
--- 
SEGMENT N.: 35
NAME: RPA8_1
ID: 35
LENGTH: 2.557246
NUM ELEMENTS: 10
IN NODE: 39
OUT NODE: 40
IN AREA: 0.047095
OUT AREA: 0.039870
IN FLOW: 0.000000
MAT DATATABLE NAME: MAT1
LOSS TYPE: NONE
BRANCH ANGLE: 0.000000
UPSTREAM SEGMENT: 0
BRANCH SEGMENT: 0
BOUNDARY CONDITIONS TYPE: NOBOUND
INLET DATA TABLE: NONE
--- 
SEGMENT N.: 36
NAME: RPA8_2
ID: 36
LENGTH: 0.204578
NUM ELEMENTS: 10
IN NODE: 40
OUT NODE: 41
IN AREA: 0.039870
OUT AREA: 0.031840
IN FLOW: 0.000000
MAT DATATABLE NAME: MAT1
LOSS TYPE: NONE
BRANCH ANGLE: 0.000000
UPSTREAM SEGMENT: 0
BRANCH SEGMENT: 0
BOUNDARY CONDITIONS TYPE: RESISTANCE
INLET DATA TABLE: R_RPA8
--- 
SEGMENT N.: 37
NAME: RPA4_0
ID: 37
LENGTH: 1.009311
NUM ELEMENTS: 10
IN NODE: 42
OUT NODE: 43
IN AREA: 0.149871
OUT AREA: 0.149871
IN FLOW: 0.000000
MAT DATATABLE NAME: MAT1
LOSS TYPE: NONE
BRANCH ANGLE: 0.000000
UPSTREAM SEGMENT: 0
BRANCH SEGMENT: 0
BOUNDARY CONDITIONS TYPE: NOBOUND
INLET DATA TABLE: NONE
--- 
SEGMENT N.: 38
NAME: RPA4_1
ID: 38
LENGTH: 0.932741
NUM ELEMENTS: 10
IN NODE: 43
OUT NODE: 44
IN AREA: 0.149871
OUT AREA: 0.055254
IN FLOW: 0.000000
MAT DATATABLE NAME: MAT1
LOSS TYPE: NONE
BRANCH ANGLE: 0.000000
UPSTREAM SEGMENT: 0
BRANCH SEGMENT: 0
BOUNDARY CONDITIONS TYPE: NOBOUND
INLET DATA TABLE: NONE
--- 
SEGMENT N.: 39
NAME: RPA4_2
ID: 39
LENGTH: 1.016676
NUM ELEMENTS: 10
IN NODE: 44
OUT NODE: 45
IN AREA: 0.055254
OUT AREA: 0.073692
IN FLOW: 0.000000
MAT DATATABLE NAME: MAT1
LOSS TYPE: NONE
BRANCH ANGLE: 0.000000
UPSTREAM SEGMENT: 0
BRANCH SEGMENT: 0
BOUNDARY CONDITIONS TYPE: NOBOUND
INLET DATA TABLE: NONE
--- 
SEGMENT N.: 40
NAME: RPA4_3
ID: 40
LENGTH: 0.390909
NUM ELEMENTS: 10
IN NODE: 45
OUT NODE: 46
IN AREA: 0.073692
OUT AREA: 0.081654
IN FLOW: 0.000000
MAT DATATABLE NAME: MAT1
LOSS TYPE: NONE
BRANCH ANGLE: 0.000000
UPSTREAM SEGMENT: 0
BRANCH SEGMENT: 0
BOUNDARY CONDITIONS TYPE: NOBOUND
INLET DATA TABLE: NONE
--- 
SEGMENT N.: 41
NAME: RPA4_4
ID: 41
LENGTH: 0.703136
NUM ELEMENTS: 10
IN NODE: 46
OUT NODE: 47
IN AREA: 0.081654
OUT AREA: 0.037968
IN FLOW: 0.000000
MAT DATATABLE NAME: MAT1
LOSS TYPE: NONE
BRANCH ANGLE: 0.000000
UPSTREAM SEGMENT: 0
BRANCH SEGMENT: 0
BOUNDARY CONDITIONS TYPE: NOBOUND
INLET DATA TABLE: NONE
--- 
SEGMENT N.: 42
NAME: RPA4_5
ID: 42
LENGTH: 0.931242
NUM ELEMENTS: 10
IN NODE: 47
OUT NODE: 48
IN AREA: 0.037968
OUT AREA: 0.039809
IN FLOW: 0.000000
MAT DATATABLE NAME: MAT1
LOSS TYPE: NONE
BRANCH ANGLE: 0.000000
UPSTREAM SEGMENT: 0
BRANCH SEGMENT: 0
BOUNDARY CONDITIONS TYPE: NOBOUND
INLET DATA TABLE: NONE
--- 
SEGMENT N.: 43
NAME: RPA4_6
ID: 43
LENGTH: 0.451051
NUM ELEMENTS: 10
IN NODE: 48
OUT NODE: 49
IN AREA: 0.039809
OUT AREA: 0.041275
IN FLOW: 0.000000
MAT DATATABLE NAME: MAT1
LOSS TYPE: NONE
BRANCH ANGLE: 0.000000
UPSTREAM SEGMENT: 0
BRANCH SEGMENT: 0
BOUNDARY CONDITIONS TYPE: RESISTANCE
INLET DATA TABLE: R_RPA4
--- 
SEGMENT N.: 44
NAME: RPA3_0
ID: 44
LENGTH: 0.986265
NUM ELEMENTS: 10
IN NODE: 50
OUT NODE: 51
IN AREA: 0.215326
OUT AREA: 0.094944
IN FLOW: 0.000000
MAT DATATABLE NAME: MAT1
LOSS TYPE: NONE
BRANCH ANGLE: 0.000000
UPSTREAM SEGMENT: 0
BRANCH SEGMENT: 0
BOUNDARY CONDITIONS TYPE: NOBOUND
INLET DATA TABLE: NONE
--- 
SEGMENT N.: 45
NAME: RPA3_1
ID: 45
LENGTH: 0.660083
NUM ELEMENTS: 10
IN NODE: 51
OUT NODE: 52
IN AREA: 0.094944
OUT AREA: 0.086942
IN FLOW: 0.000000
MAT DATATABLE NAME: MAT1
LOSS TYPE: NONE
BRANCH ANGLE: 0.000000
UPSTREAM SEGMENT: 0
BRANCH SEGMENT: 0
BOUNDARY CONDITIONS TYPE: NOBOUND
INLET DATA TABLE: NONE
--- 
SEGMENT N.: 46
NAME: RPA3_2
ID: 46
LENGTH: 1.533981
NUM ELEMENTS: 10
IN NODE: 52
OUT NODE: 53
IN AREA: 0.086942
OUT AREA: 0.072675
IN FLOW: 0.000000
MAT DATATABLE NAME: MAT1
LOSS TYPE: NONE
BRANCH ANGLE: 0.000000
UPSTREAM SEGMENT: 0
BRANCH SEGMENT: 0
BOUNDARY CONDITIONS TYPE: NOBOUND
INLET DATA TABLE: NONE
--- 
SEGMENT N.: 47
NAME: RPA3_3
ID: 47
LENGTH: 0.946889
NUM ELEMENTS: 10
IN NODE: 53
OUT NODE: 54
IN AREA: 0.072675
OUT AREA: 0.073468
IN FLOW: 0.000000
MAT DATATABLE NAME: MAT1
LOSS TYPE: NONE
BRANCH ANGLE: 0.000000
UPSTREAM SEGMENT: 0
BRANCH SEGMENT: 0
BOUNDARY CONDITIONS TYPE: NOBOUND
INLET DATA TABLE: NONE
--- 
SEGMENT N.: 48
NAME: RPA3_4
ID: 48
LENGTH: 1.876797
NUM ELEMENTS: 10
IN NODE: 54
OUT NODE: 55
IN AREA: 0.073468
OUT AREA: 0.055761
IN FLOW: 0.000000
MAT DATATABLE NAME: MAT1
LOSS TYPE: NONE
BRANCH ANGLE: 0.000000
UPSTREAM SEGMENT: 0
BRANCH SEGMENT: 0
BOUNDARY CONDITIONS TYPE: NOBOUND
INLET DATA TABLE: NONE
--- 
SEGMENT N.: 49
NAME: RPA3_5
ID: 49
LENGTH: 1.121151
NUM ELEMENTS: 10
IN NODE: 55
OUT NODE: 56
IN AREA: 0.055761
OUT AREA: 0.060393
IN FLOW: 0.000000
MAT DATATABLE NAME: MAT1
LOSS TYPE: NONE
BRANCH ANGLE: 0.000000
UPSTREAM SEGMENT: 0
BRANCH SEGMENT: 0
BOUNDARY CONDITIONS TYPE: NOBOUND
INLET DATA TABLE: NONE
--- 
SEGMENT N.: 50
NAME: RPA3_6
ID: 50
LENGTH: 1.131820
NUM ELEMENTS: 10
IN NODE: 56
OUT NODE: 57
IN AREA: 0.060393
OUT AREA: 0.050059
IN FLOW: 0.000000
MAT DATATABLE NAME: MAT1
LOSS TYPE: NONE
BRANCH ANGLE: 0.000000
UPSTREAM SEGMENT: 0
BRANCH SEGMENT: 0
BOUNDARY CONDITIONS TYPE: NOBOUND
INLET DATA TABLE: NONE
--- 
SEGMENT N.: 51
NAME: RPA3_7
ID: 51
LENGTH: 0.372815
NUM ELEMENTS: 10
IN NODE: 57
OUT NODE: 58
IN AREA: 0.050059
OUT AREA: 0.056508
IN FLOW: 0.000000
MAT DATATABLE NAME: MAT1
LOSS TYPE: NONE
BRANCH ANGLE: 0.000000
UPSTREAM SEGMENT: 0
BRANCH SEGMENT: 0
BOUNDARY CONDITIONS TYPE: RESISTANCE
INLET DATA TABLE: R_RPA3
--- 
SEGMENT N.: 52
NAME: RPA_0
ID: 52
LENGTH: 1.784596
NUM ELEMENTS: 10
IN NODE: 59
OUT NODE: 60
IN AREA: 3.977863
OUT AREA: 2.135570
IN FLOW: 0.000000
MAT DATATABLE NAME: MAT1
LOSS TYPE: NONE
BRANCH ANGLE: 0.000000
UPSTREAM SEGMENT: 0
BRANCH SEGMENT: 0
BOUNDARY CONDITIONS TYPE: NOBOUND
INLET DATA TABLE: NONE
--- 
SEGMENT N.: 53
NAME: RPA_1
ID: 53
LENGTH: 0.851358
NUM ELEMENTS: 10
IN NODE: 60
OUT NODE: 61
IN AREA: 2.135570
OUT AREA: 1.983830
IN FLOW: 0.000000
MAT DATATABLE NAME: MAT1
LOSS TYPE: NONE
BRANCH ANGLE: 0.000000
UPSTREAM SEGMENT: 0
BRANCH SEGMENT: 0
BOUNDARY CONDITIONS TYPE: NOBOUND
INLET DATA TABLE: NONE
--- 
SEGMENT N.: 54
NAME: RPA_2
ID: 54
LENGTH: 1.186857
NUM ELEMENTS: 10
IN NODE: 61
OUT NODE: 62
IN AREA: 1.983830
OUT AREA: 0.860622
IN FLOW: 0.000000
MAT DATATABLE NAME: MAT1
LOSS TYPE: NONE
BRANCH ANGLE: 0.000000
UPSTREAM SEGMENT: 0
BRANCH SEGMENT: 0
BOUNDARY CONDITIONS TYPE: NOBOUND
INLET DATA TABLE: NONE
--- 
SEGMENT N.: 55
NAME: RPA_3
ID: 55
LENGTH: 0.920979
NUM ELEMENTS: 10
IN NODE: 62
OUT NODE: 63
IN AREA: 0.860622
OUT AREA: 0.818351
IN FLOW: 0.000000
MAT DATATABLE NAME: MAT1
LOSS TYPE: NONE
BRANCH ANGLE: 0.000000
UPSTREAM SEGMENT: 0
BRANCH SEGMENT: 0
BOUNDARY CONDITIONS TYPE: NOBOUND
INLET DATA TABLE: NONE
--- 
SEGMENT N.: 56
NAME: RPA_4
ID: 56
LENGTH: 0.769082
NUM ELEMENTS: 10
IN NODE: 63
OUT NODE: 64
IN AREA: 0.818351
OUT AREA: 0.702171
IN FLOW: 0.000000
MAT DATATABLE NAME: MAT1
LOSS TYPE: NONE
BRANCH ANGLE: 0.000000
UPSTREAM SEGMENT: 0
BRANCH SEGMENT: 0
BOUNDARY CONDITIONS TYPE: NOBOUND
INLET DATA TABLE: NONE
--- 
SEGMENT N.: 57
NAME: RPA_5
ID: 57
LENGTH: 1.118336
NUM ELEMENTS: 10
IN NODE: 64
OUT NODE: 65
IN AREA: 0.702171
OUT AREA: 0.473260
IN FLOW: 0.000000
MAT DATATABLE NAME: MAT1
LOSS TYPE: NONE
BRANCH ANGLE: 0.000000
UPSTREAM SEGMENT: 0
BRANCH SEGMENT: 0
BOUNDARY CONDITIONS TYPE: NOBOUND
INLET DATA TABLE: NONE
--- 
SEGMENT N.: 58
NAME: RPA_6
ID: 58
LENGTH: 1.080663
NUM ELEMENTS: 10
IN NODE: 65
OUT NODE: 66
IN AREA: 0.473260
OUT AREA: 0.324494
IN FLOW: 0.000000
MAT DATATABLE NAME: MAT1
LOSS TYPE: NONE
BRANCH ANGLE: 0.000000
UPSTREAM SEGMENT: 0
BRANCH SEGMENT: 0
BOUNDARY CONDITIONS TYPE: NOBOUND
INLET DATA TABLE: NONE
--- 
SEGMENT N.: 59
NAME: RPA_7
ID: 59
LENGTH: 0.877760
NUM ELEMENTS: 10
IN NODE: 66
OUT NODE: 67
IN AREA: 0.324494
OUT AREA: 0.236877
IN FLOW: 0.000000
MAT DATATABLE NAME: MAT1
LOSS TYPE: NONE
BRANCH ANGLE: 0.000000
UPSTREAM SEGMENT: 0
BRANCH SEGMENT: 0
BOUNDARY CONDITIONS TYPE: NOBOUND
INLET DATA TABLE: NONE
--- 
SEGMENT N.: 60
NAME: RPA_8
ID: 60
LENGTH: 0.658548
NUM ELEMENTS: 10
IN NODE: 67
OUT NODE: 68
IN AREA: 0.236877
OUT AREA: 0.328266
IN FLOW: 0.000000
MAT DATATABLE NAME: MAT1
LOSS TYPE: NONE
BRANCH ANGLE: 0.000000
UPSTREAM SEGMENT: 0
BRANCH SEGMENT: 0
BOUNDARY CONDITIONS TYPE: NOBOUND
INLET DATA TABLE: NONE
--- 
SEGMENT N.: 61
NAME: RPA_9
ID: 61
LENGTH: 0.682668
NUM ELEMENTS: 10
IN NODE: 68
OUT NODE: 69
IN AREA: 0.328266
OUT AREA: 0.173523
IN FLOW: 0.000000
MAT DATATABLE NAME: MAT1
LOSS TYPE: NONE
BRANCH ANGLE: 0.000000
UPSTREAM SEGMENT: 0
BRANCH SEGMENT: 0
BOUNDARY CONDITIONS TYPE: NOBOUND
INLET DATA TABLE: NONE
--- 
SEGMENT N.: 62
NAME: RPA_10
ID: 62
LENGTH: 0.684214
NUM ELEMENTS: 10
IN NODE: 69
OUT NODE: 70
IN AREA: 0.173523
OUT AREA: 0.232688
IN FLOW: 0.000000
MAT DATATABLE NAME: MAT1
LOSS TYPE: NONE
BRANCH ANGLE: 0.000000
UPSTREAM SEGMENT: 0
BRANCH SEGMENT: 0
BOUNDARY CONDITIONS TYPE: NOBOUND
INLET DATA TABLE: NONE
--- 
SEGMENT N.: 63
NAME: RPA_11
ID: 63
LENGTH: 0.899136
NUM ELEMENTS: 10
IN NODE: 70
OUT NODE: 71
IN AREA: 0.232688
OUT AREA: 0.210696
IN FLOW: 0.000000
MAT DATATABLE NAME: MAT1
LOSS TYPE: NONE
BRANCH ANGLE: 0.000000
UPSTREAM SEGMENT: 0
BRANCH SEGMENT: 0
BOUNDARY CONDITIONS TYPE: NOBOUND
INLET DATA TABLE: NONE
--- 
SEGMENT N.: 64
NAME: RPA_12
ID: 64
LENGTH: 0.862748
NUM ELEMENTS: 10
IN NODE: 71
OUT NODE: 72
IN AREA: 0.210696
OUT AREA: 0.149717
IN FLOW: 0.000000
MAT DATATABLE NAME: MAT1
LOSS TYPE: NONE
BRANCH ANGLE: 0.000000
UPSTREAM SEGMENT: 0
BRANCH SEGMENT: 0
BOUNDARY CONDITIONS TYPE: NOBOUND
INLET DATA TABLE: NONE
--- 
SEGMENT N.: 65
NAME: RPA_13
ID: 65
LENGTH: 0.553929
NUM ELEMENTS: 10
IN NODE: 72
OUT NODE: 73
IN AREA: 0.149717
OUT AREA: 0.128433
IN FLOW: 0.000000
MAT DATATABLE NAME: MAT1
LOSS TYPE: NONE
BRANCH ANGLE: 0.000000
UPSTREAM SEGMENT: 0
BRANCH SEGMENT: 0
BOUNDARY CONDITIONS TYPE: NOBOUND
INLET DATA TABLE: NONE
--- 
SEGMENT N.: 66
NAME: RPA_14
ID: 66
LENGTH: 0.944179
NUM ELEMENTS: 10
IN NODE: 73
OUT NODE: 74
IN AREA: 0.128433
OUT AREA: 0.158283
IN FLOW: 0.000000
MAT DATATABLE NAME: MAT1
LOSS TYPE: NONE
BRANCH ANGLE: 0.000000
UPSTREAM SEGMENT: 0
BRANCH SEGMENT: 0
BOUNDARY CONDITIONS TYPE: NOBOUND
INLET DATA TABLE: NONE
--- 
SEGMENT N.: 67
NAME: RPA_15
ID: 67
LENGTH: 0.852584
NUM ELEMENTS: 10
IN NODE: 74
OUT NODE: 75
IN AREA: 0.158283
OUT AREA: 0.082857
IN FLOW: 0.000000
MAT DATATABLE NAME: MAT1
LOSS TYPE: NONE
BRANCH ANGLE: 0.000000
UPSTREAM SEGMENT: 0
BRANCH SEGMENT: 0
BOUNDARY CONDITIONS TYPE: NOBOUND
INLET DATA TABLE: NONE
--- 
SEGMENT N.: 68
NAME: RPA_16
ID: 68
LENGTH: 0.579224
NUM ELEMENTS: 10
IN NODE: 75
OUT NODE: 76
IN AREA: 0.082857
OUT AREA: 0.103749
IN FLOW: 0.000000
MAT DATATABLE NAME: MAT1
LOSS TYPE: NONE
BRANCH ANGLE: 0.000000
UPSTREAM SEGMENT: 0
BRANCH SEGMENT: 0
BOUNDARY CONDITIONS TYPE: NOBOUND
INLET DATA TABLE: NONE
--- 
SEGMENT N.: 69
NAME: RPA_17
ID: 69
LENGTH: 0.866928
NUM ELEMENTS: 10
IN NODE: 76
OUT NODE: 77
IN AREA: 0.103749
OUT AREA: 0.111405
IN FLOW: 0.000000
MAT DATATABLE NAME: MAT1
LOSS TYPE: NONE
BRANCH ANGLE: 0.000000
UPSTREAM SEGMENT: 0
BRANCH SEGMENT: 0
BOUNDARY CONDITIONS TYPE: NOBOUND
INLET DATA TABLE: NONE
--- 
SEGMENT N.: 70
NAME: RPA_18
ID: 70
LENGTH: 0.896497
NUM ELEMENTS: 10
IN NODE: 77
OUT NODE: 78
IN AREA: 0.111405
OUT AREA: 0.084568
IN FLOW: 0.000000
MAT DATATABLE NAME: MAT1
LOSS TYPE: NONE
BRANCH ANGLE: 0.000000
UPSTREAM SEGMENT: 0
BRANCH SEGMENT: 0
BOUNDARY CONDITIONS TYPE: NOBOUND
INLET DATA TABLE: NONE
--- 
SEGMENT N.: 71
NAME: RPA_19
ID: 71
LENGTH: 0.623693
NUM ELEMENTS: 10
IN NODE: 78
OUT NODE: 79
IN AREA: 0.084568
OUT AREA: 0.084978
IN FLOW: 0.000000
MAT DATATABLE NAME: MAT1
LOSS TYPE: NONE
BRANCH ANGLE: 0.000000
UPSTREAM SEGMENT: 0
BRANCH SEGMENT: 0
BOUNDARY CONDITIONS TYPE: RESISTANCE
INLET DATA TABLE: R_RPA
--- 
SEGMENT N.: 72
NAME: LPA1_0
ID: 72
LENGTH: 0.994497
NUM ELEMENTS: 10
IN NODE: 80
OUT NODE: 81
IN AREA: 0.146168
OUT AREA: 0.319024
IN FLOW: 0.000000
MAT DATATABLE NAME: MAT1
LOSS TYPE: NONE
BRANCH ANGLE: 0.000000
UPSTREAM SEGMENT: 0
BRANCH SEGMENT: 0
BOUNDARY CONDITIONS TYPE: NOBOUND
INLET DATA TABLE: NONE
--- 
SEGMENT N.: 73
NAME: LPA1_1
ID: 73
LENGTH: 0.653133
NUM ELEMENTS: 10
IN NODE: 81
OUT NODE: 82
IN AREA: 0.319024
OUT AREA: 0.157806
IN FLOW: 0.000000
MAT DATATABLE NAME: MAT1
LOSS TYPE: NONE
BRANCH ANGLE: 0.000000
UPSTREAM SEGMENT: 0
BRANCH SEGMENT: 0
BOUNDARY CONDITIONS TYPE: NOBOUND
INLET DATA TABLE: NONE
--- 
SEGMENT N.: 74
NAME: LPA1_2
ID: 74
LENGTH: 0.507085
NUM ELEMENTS: 10
IN NODE: 82
OUT NODE: 83
IN AREA: 0.157806
OUT AREA: 0.055835
IN FLOW: 0.000000
MAT DATATABLE NAME: MAT1
LOSS TYPE: NONE
BRANCH ANGLE: 0.000000
UPSTREAM SEGMENT: 0
BRANCH SEGMENT: 0
BOUNDARY CONDITIONS TYPE: NOBOUND
INLET DATA TABLE: NONE
--- 
SEGMENT N.: 75
NAME: LPA1_3
ID: 75
LENGTH: 1.015893
NUM ELEMENTS: 10
IN NODE: 83
OUT NODE: 84
IN AREA: 0.055835
OUT AREA: 0.055208
IN FLOW: 0.000000
MAT DATATABLE NAME: MAT1
LOSS TYPE: NONE
BRANCH ANGLE: 0.000000
UPSTREAM SEGMENT: 0
BRANCH SEGMENT: 0
BOUNDARY CONDITIONS TYPE: NOBOUND
INLET DATA TABLE: NONE
--- 
SEGMENT N.: 76
NAME: LPA1_4
ID: 76
LENGTH: 0.998916
NUM ELEMENTS: 10
IN NODE: 84
OUT NODE: 85
IN AREA: 0.055208
OUT AREA: 0.037904
IN FLOW: 0.000000
MAT DATATABLE NAME: MAT1
LOSS TYPE: NONE
BRANCH ANGLE: 0.000000
UPSTREAM SEGMENT: 0
BRANCH SEGMENT: 0
BOUNDARY CONDITIONS TYPE: NOBOUND
INLET DATA TABLE: NONE
--- 
SEGMENT N.: 77
NAME: LPA1_5
ID: 77
LENGTH: 0.244984
NUM ELEMENTS: 10
IN NODE: 85
OUT NODE: 86
IN AREA: 0.037904
OUT AREA: 0.044000
IN FLOW: 0.000000
MAT DATATABLE NAME: MAT1
LOSS TYPE: NONE
BRANCH ANGLE: 0.000000
UPSTREAM SEGMENT: 0
BRANCH SEGMENT: 0
BOUNDARY CONDITIONS TYPE: NOBOUND
INLET DATA TABLE: NONE
--- 
SEGMENT N.: 78
NAME: LPA1_6
ID: 78
LENGTH: 0.359839
NUM ELEMENTS: 10
IN NODE: 86
OUT NODE: 87
IN AREA: 0.044000
OUT AREA: 0.042040
IN FLOW: 0.000000
MAT DATATABLE NAME: MAT1
LOSS TYPE: NONE
BRANCH ANGLE: 0.000000
UPSTREAM SEGMENT: 0
BRANCH SEGMENT: 0
BOUNDARY CONDITIONS TYPE: RESISTANCE
INLET DATA TABLE: R_LPA1
--- 
SEGMENT N.: 79
NAME: RPA11_0
ID: 79
LENGTH: 0.649684
NUM ELEMENTS: 10
IN NODE: 88
OUT NODE: 89
IN AREA: 0.055066
OUT AREA: 0.055066
IN FLOW: 0.000000
MAT DATATABLE NAME: MAT1
LOSS TYPE: NONE
BRANCH ANGLE: 0.000000
UPSTREAM SEGMENT: 0
BRANCH SEGMENT: 0
BOUNDARY CONDITIONS TYPE: NOBOUND
INLET DATA TABLE: NONE
--- 
SEGMENT N.: 80
NAME: RPA11_1
ID: 80
LENGTH: 0.765411
NUM ELEMENTS: 10
IN NODE: 89
OUT NODE: 90
IN AREA: 0.055066
OUT AREA: 0.058151
IN FLOW: 0.000000
MAT DATATABLE NAME: MAT1
LOSS TYPE: NONE
BRANCH ANGLE: 0.000000
UPSTREAM SEGMENT: 0
BRANCH SEGMENT: 0
BOUNDARY CONDITIONS TYPE: NOBOUND
INLET DATA TABLE: NONE
--- 
SEGMENT N.: 81
NAME: RPA11_2
ID: 81
LENGTH: 1.094017
NUM ELEMENTS: 10
IN NODE: 90
OUT NODE: 91
IN AREA: 0.058151
OUT AREA: 0.039810
IN FLOW: 0.000000
MAT DATATABLE NAME: MAT1
LOSS TYPE: NONE
BRANCH ANGLE: 0.000000
UPSTREAM SEGMENT: 0
BRANCH SEGMENT: 0
BOUNDARY CONDITIONS TYPE: NOBOUND
INLET DATA TABLE: NONE
--- 
SEGMENT N.: 82
NAME: RPA11_3
ID: 82
LENGTH: 0.312624
NUM ELEMENTS: 10
IN NODE: 91
OUT NODE: 92
IN AREA: 0.039810
OUT AREA: 0.040126
IN FLOW: 0.000000
MAT DATATABLE NAME: MAT1
LOSS TYPE: NONE
BRANCH ANGLE: 0.000000
UPSTREAM SEGMENT: 0
BRANCH SEGMENT: 0
BOUNDARY CONDITIONS TYPE: RESISTANCE
INLET DATA TABLE: R_RPA11
--- 
PRINT SOLVER OPTION DATA
TIME STEP: 0.001000
STEP SIZE: 10
MAX STEP: 480
QUADRATURE POINTS: 2
INLET DATA TABLE: STEADY_INLETDATA
BOUNDARY TYPE: FLOW
CONVERGENCE TOLERANCE: 0.000001
USE IV: 1
USE STABILIZATION: 1
--- 
--- 
MATERIAL NUM: 0
NAME: MAT1
TYPE: LINEAR
DENSITY: 1.060000
VISCOSITY: 0.040000
EXPONENT: 1.000000
PARAM 1: 20000000.000000
PARAM 2: 0.000000
PARAM 3: 0.000000
--- 
JOINTINLET DATA
--- 
JOINTINLET NUM: 0
NAME: IN1
TOTAL : 1
LIST ITEMS
0 

--- 
JOINTINLET NUM: 1
NAME: IN2
TOTAL : 1
LIST ITEMS
1 

--- 
JOINTINLET NUM: 2
NAME: IN3
TOTAL : 1
LIST ITEMS
52 

--- 
JOINTINLET NUM: 3
NAME: IN4
TOTAL : 1
LIST ITEMS
2 

--- 
JOINTINLET NUM: 4
NAME: IN5
TOTAL : 1
LIST ITEMS
3 

--- 
JOINTINLET NUM: 5
NAME: IN6
TOTAL : 1
LIST ITEMS
4 

--- 
JOINTINLET NUM: 6
NAME: IN7
TOTAL : 1
LIST ITEMS
72 

--- 
JOINTINLET NUM: 7
NAME: IN8
TOTAL : 1
LIST ITEMS
5 

--- 
JOINTINLET NUM: 8
NAME: IN11
TOTAL : 1
LIST ITEMS
26 

--- 
JOINTINLET NUM: 9
NAME: IN14
TOTAL : 1
LIST ITEMS
6 

--- 
JOINTINLET NUM: 10
NAME: IN16
TOTAL : 1
LIST ITEMS
7 

--- 
JOINTINLET NUM: 11
NAME: IN17
TOTAL : 1
LIST ITEMS
8 

--- 
JOINTINLET NUM: 12
NAME: IN18
TOTAL : 1
LIST ITEMS
9 

--- 
JOINTINLET NUM: 13
NAME: IN19
TOTAL : 1
LIST ITEMS
20 

--- 
JOINTINLET NUM: 14
NAME: IN20
TOTAL : 1
LIST ITEMS
10 

--- 
JOINTINLET NUM: 15
NAME: IN21
TOTAL : 1
LIST ITEMS
11 

--- 
JOINTINLET NUM: 16
NAME: IN23
TOTAL : 1
LIST ITEMS
12 

--- 
JOINTINLET NUM: 17
NAME: IN25
TOTAL : 1
LIST ITEMS
13 

--- 
JOINTINLET NUM: 18
NAME: IN27
TOTAL : 1
LIST ITEMS
14 

--- 
JOINTINLET NUM: 19
NAME: IN29
TOTAL : 1
LIST ITEMS
15 

--- 
JOINTINLET NUM: 20
NAME: IN32
TOTAL : 1
LIST ITEMS
17 

--- 
JOINTINLET NUM: 21
NAME: IN33
TOTAL : 1
LIST ITEMS
18 

--- 
JOINTINLET NUM: 22
NAME: IN35
TOTAL : 1
LIST ITEMS
21 

--- 
JOINTINLET NUM: 23
NAME: IN36
TOTAL : 1
LIST ITEMS
22 

--- 
JOINTINLET NUM: 24
NAME: IN37
TOTAL : 1
LIST ITEMS
23 

--- 
JOINTINLET NUM: 25
NAME: IN38
TOTAL : 1
LIST ITEMS
24 

--- 
JOINTINLET NUM: 26
NAME: IN40
TOTAL : 1
LIST ITEMS
27 

--- 
JOINTINLET NUM: 27
NAME: IN41
TOTAL : 1
LIST ITEMS
28 

--- 
JOINTINLET NUM: 28
NAME: IN42
TOTAL : 1
LIST ITEMS
29 

--- 
JOINTINLET NUM: 29
NAME: IN43
TOTAL : 1
LIST ITEMS
30 

--- 
JOINTINLET NUM: 30
NAME: IN44
TOTAL : 1
LIST ITEMS
31 

--- 
JOINTINLET NUM: 31
NAME: IN45
TOTAL : 1
LIST ITEMS
32 

--- 
JOINTINLET NUM: 32
NAME: IN47
TOTAL : 1
LIST ITEMS
59 

--- 
JOINTINLET NUM: 33
NAME: IN49
TOTAL : 1
LIST ITEMS
34 

--- 
JOINTINLET NUM: 34
NAME: IN50
TOTAL : 1
LIST ITEMS
35 

--- 
JOINTINLET NUM: 35
NAME: IN52
TOTAL : 1
LIST ITEMS
56 

--- 
JOINTINLET NUM: 36
NAME: IN54
TOTAL : 1
LIST ITEMS
37 

--- 
JOINTINLET NUM: 37
NAME: IN55
TOTAL : 1
LIST ITEMS
38 

--- 
JOINTINLET NUM: 38
NAME: IN56
TOTAL : 1
LIST ITEMS
39 

--- 
JOINTINLET NUM: 39
NAME: IN57
TOTAL : 1
LIST ITEMS
40 

--- 
JOINTINLET NUM: 40
NAME: IN58
TOTAL : 1
LIST ITEMS
41 

--- 
JOINTINLET NUM: 41
NAME: IN59
TOTAL : 1
LIST ITEMS
42 

--- 
JOINTINLET NUM: 42
NAME: IN62
TOTAL : 1
LIST ITEMS
44 

--- 
JOINTINLET NUM: 43
NAME: IN63
TOTAL : 1
LIST ITEMS
45 

--- 
JOINTINLET NUM: 44
NAME: IN64
TOTAL : 1
LIST ITEMS
46 

--- 
JOINTINLET NUM: 45
NAME: IN65
TOTAL : 1
LIST ITEMS
47 

--- 
JOINTINLET NUM: 46
NAME: IN66
TOTAL : 1
LIST ITEMS
48 

--- 
JOINTINLET NUM: 47
NAME: IN67
TOTAL : 1
LIST ITEMS
49 

--- 
JOINTINLET NUM: 48
NAME: IN68
TOTAL : 1
LIST ITEMS
50 

--- 
JOINTINLET NUM: 49
NAME: IN70
TOTAL : 1
LIST ITEMS
53 

--- 
JOINTINLET NUM: 50
NAME: IN72
TOTAL : 1
LIST ITEMS
54 

--- 
JOINTINLET NUM: 51
NAME: IN73
TOTAL : 1
LIST ITEMS
55 

--- 
JOINTINLET NUM: 52
NAME: IN74
TOTAL : 1
LIST ITEMS
57 

--- 
JOINTINLET NUM: 53
NAME: IN76
TOTAL : 1
LIST ITEMS
58 

--- 
JOINTINLET NUM: 54
NAME: IN78
TOTAL : 1
LIST ITEMS
60 

--- 
JOINTINLET NUM: 55
NAME: IN79
TOTAL : 1
LIST ITEMS
61 

--- 
JOINTINLET NUM: 56
NAME: IN80
TOTAL : 1
LIST ITEMS
62 

--- 
JOINTINLET NUM: 57
NAME: IN83
TOTAL : 1
LIST ITEMS
63 

--- 
JOINTINLET NUM: 58
NAME: IN84
TOTAL : 1
LIST ITEMS
64 

--- 
JOINTINLET NUM: 59
NAME: IN85
TOTAL : 1
LIST ITEMS
79 

--- 
JOINTINLET NUM: 60
NAME: IN86
TOTAL : 1
LIST ITEMS
65 

--- 
JOINTINLET NUM: 61
NAME: IN87
TOTAL : 1
LIST ITEMS
66 

--- 
JOINTINLET NUM: 62
NAME: IN90
TOTAL : 1
LIST ITEMS
67 

--- 
JOINTINLET NUM: 63
NAME: IN92
TOTAL : 1
LIST ITEMS
68 

--- 
JOINTINLET NUM: 64
NAME: IN93
TOTAL : 1
LIST ITEMS
69 

--- 
JOINTINLET NUM: 65
NAME: IN94
TOTAL : 1
LIST ITEMS
70 

--- 
JOINTINLET NUM: 66
NAME: IN96
TOTAL : 1
LIST ITEMS
73 

--- 
JOINTINLET NUM: 67
NAME: IN97
TOTAL : 1
LIST ITEMS
74 

--- 
JOINTINLET NUM: 68
NAME: IN98
TOTAL : 1
LIST ITEMS
75 

--- 
JOINTINLET NUM: 69
NAME: IN99
TOTAL : 1
LIST ITEMS
76 

--- 
JOINTINLET NUM: 70
NAME: IN100
TOTAL : 1
LIST ITEMS
77 

--- 
JOINTINLET NUM: 71
NAME: IN102
TOTAL : 1
LIST ITEMS
80 

--- 
JOINTINLET NUM: 72
NAME: IN103
TOTAL : 1
LIST ITEMS
81 

--- 
JOINTOUTLET DATA
--- 
JOINTOUTLET NUM: 0
NAME: OUT1
TOTAL : 1
LIST ITEMS
1 

--- 
JOINTOUTLET NUM: 1
NAME: OUT2
TOTAL : 2
LIST ITEMS
2 
52 

--- 
JOINTOUTLET NUM: 2
NAME: OUT3
TOTAL : 1
LIST ITEMS
53 

--- 
JOINTOUTLET NUM: 3
NAME: OUT4
TOTAL : 1
LIST ITEMS
3 

--- 
JOINTOUTLET NUM: 4
NAME: OUT5
TOTAL : 1
LIST ITEMS
4 

--- 
JOINTOUTLET NUM: 5
NAME: OUT6
TOTAL : 2
LIST ITEMS
5 
72 

--- 
JOINTOUTLET NUM: 6
NAME: OUT7
TOTAL : 1
LIST ITEMS
73 

--- 
JOINTOUTLET NUM: 7
NAME: OUT8
TOTAL : 2
LIST ITEMS
6 
26 

--- 
JOINTOUTLET NUM: 8
NAME: OUT11
TOTAL : 1
LIST ITEMS
27 

--- 
JOINTOUTLET NUM: 9
NAME: OUT14
TOTAL : 1
LIST ITEMS
7 

--- 
JOINTOUTLET NUM: 10
NAME: OUT16
TOTAL : 1
LIST ITEMS
8 

--- 
JOINTOUTLET NUM: 11
NAME: OUT17
TOTAL : 1
LIST ITEMS
9 

--- 
JOINTOUTLET NUM: 12
NAME: OUT18
TOTAL : 2
LIST ITEMS
10 
20 

--- 
JOINTOUTLET NUM: 13
NAME: OUT19
TOTAL : 1
LIST ITEMS
21 

--- 
JOINTOUTLET NUM: 14
NAME: OUT20
TOTAL : 1
LIST ITEMS
11 

--- 
JOINTOUTLET NUM: 15
NAME: OUT21
TOTAL : 1
LIST ITEMS
12 

--- 
JOINTOUTLET NUM: 16
NAME: OUT23
TOTAL : 1
LIST ITEMS
13 

--- 
JOINTOUTLET NUM: 17
NAME: OUT25
TOTAL : 1
LIST ITEMS
14 

--- 
JOINTOUTLET NUM: 18
NAME: OUT27
TOTAL : 1
LIST ITEMS
15 

--- 
JOINTOUTLET NUM: 19
NAME: OUT29
TOTAL : 1
LIST ITEMS
16 

--- 
JOINTOUTLET NUM: 20
NAME: OUT32
TOTAL : 1
LIST ITEMS
18 

--- 
JOINTOUTLET NUM: 21
NAME: OUT33
TOTAL : 1
LIST ITEMS
19 

--- 
JOINTOUTLET NUM: 22
NAME: OUT35
TOTAL : 1
LIST ITEMS
22 

--- 
JOINTOUTLET NUM: 23
NAME: OUT36
TOTAL : 1
LIST ITEMS
23 

--- 
JOINTOUTLET NUM: 24
NAME: OUT37
TOTAL : 1
LIST ITEMS
24 

--- 
JOINTOUTLET NUM: 25
NAME: OUT38
TOTAL : 1
LIST ITEMS
25 

--- 
JOINTOUTLET NUM: 26
NAME: OUT40
TOTAL : 1
LIST ITEMS
28 

--- 
JOINTOUTLET NUM: 27
NAME: OUT41
TOTAL : 1
LIST ITEMS
29 

--- 
JOINTOUTLET NUM: 28
NAME: OUT42
TOTAL : 1
LIST ITEMS
30 

--- 
JOINTOUTLET NUM: 29
NAME: OUT43
TOTAL : 1
LIST ITEMS
31 

--- 
JOINTOUTLET NUM: 30
NAME: OUT44
TOTAL : 1
LIST ITEMS
32 

--- 
JOINTOUTLET NUM: 31
NAME: OUT45
TOTAL : 1
LIST ITEMS
33 

--- 
JOINTOUTLET NUM: 32
NAME: OUT47
TOTAL : 2
LIST ITEMS
34 
60 

--- 
JOINTOUTLET NUM: 33
NAME: OUT49
TOTAL : 1
LIST ITEMS
35 

--- 
JOINTOUTLET NUM: 34
NAME: OUT50
TOTAL : 1
LIST ITEMS
36 

--- 
JOINTOUTLET NUM: 35
NAME: OUT52
TOTAL : 3
LIST ITEMS
37 
57 
44 

--- 
JOINTOUTLET NUM: 36
NAME: OUT54
TOTAL : 1
LIST ITEMS
38 

--- 
JOINTOUTLET NUM: 37
NAME: OUT55
TOTAL : 1
LIST ITEMS
39 

--- 
JOINTOUTLET NUM: 38
NAME: OUT56
TOTAL : 1
LIST ITEMS
40 

--- 
JOINTOUTLET NUM: 39
NAME: OUT57
TOTAL : 1
LIST ITEMS
41 

--- 
JOINTOUTLET NUM: 40
NAME: OUT58
TOTAL : 1
LIST ITEMS
42 

--- 
JOINTOUTLET NUM: 41
NAME: OUT59
TOTAL : 1
LIST ITEMS
43 

--- 
JOINTOUTLET NUM: 42
NAME: OUT62
TOTAL : 1
LIST ITEMS
45 

--- 
JOINTOUTLET NUM: 43
NAME: OUT63
TOTAL : 1
LIST ITEMS
46 

--- 
JOINTOUTLET NUM: 44
NAME: OUT64
TOTAL : 1
LIST ITEMS
47 

--- 
JOINTOUTLET NUM: 45
NAME: OUT65
TOTAL : 1
LIST ITEMS
48 

--- 
JOINTOUTLET NUM: 46
NAME: OUT66
TOTAL : 1
LIST ITEMS
49 

--- 
JOINTOUTLET NUM: 47
NAME: OUT67
TOTAL : 1
LIST ITEMS
50 

--- 
JOINTOUTLET NUM: 48
NAME: OUT68
TOTAL : 1
LIST ITEMS
51 

--- 
JOINTOUTLET NUM: 49
NAME: OUT70
TOTAL : 1
LIST ITEMS
54 

--- 
JOINTOUTLET NUM: 50
NAME: OUT72
TOTAL : 1
LIST ITEMS
55 

--- 
JOINTOUTLET NUM: 51
NAME: OUT73
TOTAL : 1
LIST ITEMS
56 

--- 
JOINTOUTLET NUM: 52
NAME: OUT74
TOTAL : 1
LIST ITEMS
58 

--- 
JOINTOUTLET NUM: 53
NAME: OUT76
TOTAL : 1
LIST ITEMS
59 

--- 
JOINTOUTLET NUM: 54
NAME: OUT78
TOTAL : 1
LIST ITEMS
61 

--- 
JOINTOUTLET NUM: 55
NAME: OUT79
TOTAL : 1
LIST ITEMS
62 

--- 
JOINTOUTLET NUM: 56
NAME: OUT80
TOTAL : 1
LIST ITEMS
63 

--- 
JOINTOUTLET NUM: 57
NAME: OUT83
TOTAL : 1
LIST ITEMS
64 

--- 
JOINTOUTLET NUM: 58
NAME: OUT84
TOTAL : 2
LIST ITEMS
65 
79 

--- 
JOINTOUTLET NUM: 59
NAME: OUT85
TOTAL : 1
LIST ITEMS
80 

--- 
JOINTOUTLET NUM: 60
NAME: OUT86
TOTAL : 1
LIST ITEMS
66 

--- 
JOINTOUTLET NUM: 61
NAME: OUT87
TOTAL : 1
LIST ITEMS
67 

--- 
JOINTOUTLET NUM: 62
NAME: OUT90
TOTAL : 1
LIST ITEMS
68 

--- 
JOINTOUTLET NUM: 63
NAME: OUT92
TOTAL : 1
LIST ITEMS
69 

--- 
JOINTOUTLET NUM: 64
NAME: OUT93
TOTAL : 1
LIST ITEMS
70 

--- 
JOINTOUTLET NUM: 65
NAME: OUT94
TOTAL : 2
LIST ITEMS
71 
17 

--- 
JOINTOUTLET NUM: 66
NAME: OUT96
TOTAL : 1
LIST ITEMS
74 

--- 
JOINTOUTLET NUM: 67
NAME: OUT97
TOTAL : 1
LIST ITEMS
75 

--- 
JOINTOUTLET NUM: 68
NAME: OUT98
TOTAL : 1
LIST ITEMS
76 

--- 
JOINTOUTLET NUM: 69
NAME: OUT99
TOTAL : 1
LIST ITEMS
77 

--- 
JOINTOUTLET NUM: 70
NAME: OUT100
TOTAL : 1
LIST ITEMS
78 

--- 
JOINTOUTLET NUM: 71
NAME: OUT102
TOTAL : 1
LIST ITEMS
81 

--- 
JOINTOUTLET NUM: 72
NAME: OUT103
TOTAL : 1
LIST ITEMS
82 

--- 
DATA TABLES
--- 
DATA TABLE ID: 0
DATA TABLE NAME: R_LPA
DATA TABLE TYPE: LIST
VALUE n. 1: 0.000000
VALUE n. 2: 623.983175
VALUE n. 3: 10.000000
VALUE n. 4: 623.983175
--- 
DATA TABLE ID: 1
DATA TABLE NAME: R_LPA1
DATA TABLE TYPE: LIST
VALUE n. 1: 0.000000
VALUE n. 2: 3139.753452
VALUE n. 3: 10.000000
VALUE n. 4: 3139.753452
--- 
DATA TABLE ID: 2
DATA TABLE NAME: R_LPA3
DATA TABLE TYPE: LIST
VALUE n. 1: 0.000000
VALUE n. 2: 2817.498413
VALUE n. 3: 10.000000
VALUE n. 4: 2817.498413
--- 
DATA TABLE ID: 3
DATA TABLE NAME: R_LPA9
DATA TABLE TYPE: LIST
VALUE n. 1: 0.000000
VALUE n. 2: 4460.769287
VALUE n. 3: 10.000000
VALUE n. 4: 4460.769287
--- 
DATA TABLE ID: 4
DATA TABLE NAME: R_RPA
DATA TABLE TYPE: LIST
VALUE n. 1: 0.000000
VALUE n. 2: 1287.138026
VALUE n. 3: 10.000000
VALUE n. 4: 1287.138026
--- 
DATA TABLE ID: 5
DATA TABLE NAME: R_RPA3
DATA TABLE TYPE: LIST
VALUE n. 1: 0.000000
VALUE n. 2: 1924.322657
VALUE n. 3: 10.000000
VALUE n. 4: 1924.322657
--- 
DATA TABLE ID: 6
DATA TABLE NAME: R_RPA4
DATA TABLE TYPE: LIST
VALUE n. 1: 0.000000
VALUE n. 2: 2586.154075
VALUE n. 3: 10.000000
VALUE n. 4: 2586.154075
--- 
DATA TABLE ID: 7
DATA TABLE NAME: R_RPA8
DATA TABLE TYPE: LIST
VALUE n. 1: 0.000000
VALUE n. 2: 3290.281089
VALUE n. 3: 10.000000
VALUE n. 4: 3290.281089
--- 
DATA TABLE ID: 8
DATA TABLE NAME: R_RPA11
DATA TABLE TYPE: LIST
VALUE n. 1: 0.000000
VALUE n. 2: 2706.282547
VALUE n. 3: 10.000000
VALUE n. 4: 2706.282547
--- 
DATA TABLE ID: 9
DATA TABLE NAME: R_RPA15
DATA TABLE TYPE: LIST
VALUE n. 1: 0.000000
VALUE n. 2: 6967.977978
VALUE n. 3: 10.000000
VALUE n. 4: 6967.977978
--- 
DATA TABLE ID: 10
DATA TABLE NAME: STEADY_INLETDATA
DATA TABLE TYPE: LIST
VALUE n. 1: 0.000000
VALUE n. 2: 67.000000
VALUE n. 3: 0.800000
VALUE n. 4: 67.000000
VALUE n. 5: 10.000000
VALUE n. 6: 67.000000
--- 
DATA TABLE ID: 11
DATA TABLE NAME: PULS_INLETDATA
DATA TABLE TYPE: LIST
VALUE n. 1: 0.000000
VALUE n. 2: 69.225370
VALUE n. 3: 0.045100
VALUE n. 4: 171.408299
VALUE n. 5: 0.090200
VALUE n. 6: 211.778200
VALUE n. 7: 0.135300
VALUE n. 8: 215.645098
VALUE n. 9: 0.180400
VALUE n. 10: 179.278299
VALUE n. 11: 0.225500
VALUE n. 12: 141.284400
VALUE n. 13: 0.270600
VALUE n. 14: 92.231250
VALUE n. 15: 0.315700
VALUE n. 16: 45.736309
VALUE n. 17: 0.360800
VALUE n. 18: 7.570152
VALUE n. 19: 0.405900
VALUE n. 20: 7.668864
VALUE n. 21: 0.451100
VALUE n. 22: 14.771370
VALUE n. 23: 0.496200
VALUE n. 24: 23.666760
VALUE n. 25: 0.541300
VALUE n. 26: 18.866020
VALUE n. 27: 0.586400
VALUE n. 28: 14.100280
VALUE n. 29: 0.631500
VALUE n. 30: 7.543367
VALUE n. 31: 0.676600
VALUE n. 32: 8.974927
VALUE n. 33: 0.721700
VALUE n. 34: 4.462408
VALUE n. 35: 0.766800
VALUE n. 36: 20.059049
VALUE n. 37: 0.811900
VALUE n. 38: 23.346950
VALUE n. 39: 0.857000
VALUE n. 40: 69.225370
--- 
DATA TABLE ID: 12
DATA TABLE NAME: PULSQ8_INLETDATA
DATA TABLE TYPE: LIST
VALUE n. 1: 0.000000
VALUE n. 2: 138.450699
VALUE n. 3: 0.045100
VALUE n. 4: 342.816498
VALUE n. 5: 0.090200
VALUE n. 6: 423.556297
VALUE n. 7: 0.135300
VALUE n. 8: 431.290198
VALUE n. 9: 0.180400
VALUE n. 10: 358.556598
VALUE n. 11: 0.225500
VALUE n. 12: 282.568798
VALUE n. 13: 0.270600
VALUE n. 14: 184.462499
VALUE n. 15: 0.315700
VALUE n. 16: 91.472580
VALUE n. 17: 0.360800
VALUE n. 18: 15.140259
VALUE n. 19: 0.405900
VALUE n. 20: 15.337680
VALUE n. 21: 0.451100
VALUE n. 22: 29.542690
VALUE n. 23: 0.496200
VALUE n. 24: 47.333450
VALUE n. 25: 0.541300
VALUE n. 26: 37.731979
VALUE n. 27: 0.586400
VALUE n. 28: 28.200510
VALUE n. 29: 0.631500
VALUE n. 30: 15.086690
VALUE n. 31: 0.676600
VALUE n. 32: 17.949810
VALUE n. 33: 0.721700
VALUE n. 34: 8.924792
VALUE n. 35: 0.766800
VALUE n. 36: 40.118090
VALUE n. 37: 0.811900
VALUE n. 38: 46.693880
VALUE n. 39: 0.857000
VALUE n. 40: 138.450699
--- 
DATA TABLE ID: 13
DATA TABLE NAME: PULSQ12_INLETDATA
DATA TABLE TYPE: LIST
VALUE n. 1: 0.000000
VALUE n. 2: 207.670998
VALUE n. 3: 0.045100
VALUE n. 4: 514.203097
VALUE n. 5: 0.090200
VALUE n. 6: 635.317296
VALUE n. 7: 0.135300
VALUE n. 8: 646.959897
VALUE n. 9: 0.180400
VALUE n. 10: 537.887696
VALUE n. 11: 0.225500
VALUE n. 12: 423.931199
VALUE n. 13: 0.270600
VALUE n. 14: 276.794098
VALUE n. 15: 0.315700
VALUE n. 16: 137.326799
VALUE n. 17: 0.360800
VALUE n. 18: 22.759560
VALUE n. 19: 0.405900
VALUE n. 20: 22.986129
VALUE n. 21: 0.451100
VALUE n. 22: 44.339600
VALUE n. 23: 0.496200
VALUE n. 24: 71.007019
VALUE n. 25: 0.541300
VALUE n. 26: 56.582839
VALUE n. 27: 0.586400
VALUE n. 28: 42.286669
VALUE n. 29: 0.631500
VALUE n. 30: 22.627829
VALUE n. 31: 0.676600
VALUE n. 32: 26.920920
VALUE n. 33: 0.721700
VALUE n. 34: 13.392010
VALUE n. 35: 0.766800
VALUE n. 36: 60.186619
VALUE n. 37: 0.811900
VALUE n. 38: 70.044959
VALUE n. 39: 0.857000
VALUE n. 40: 207.670998
